[debug] [2022-03-14T09:09:47.302Z] ----------------------------------------------------------------------
[debug] [2022-03-14T09:09:47.303Z] Command:       C:\Program Files\nodejs\node.exe C:\Users\FAISAL\AppData\Roaming\npm\node_modules\firebase-tools\lib\bin\firebase.js deploy
[debug] [2022-03-14T09:09:47.304Z] CLI Version:   10.2.2
[debug] [2022-03-14T09:09:47.304Z] Platform:      win32
[debug] [2022-03-14T09:09:47.304Z] Node Version:  v16.14.0
[debug] [2022-03-14T09:09:47.305Z] Time:          Mon Mar 14 2022 15:09:47 GMT+0600 (Bangladesh Standard Time)
[debug] [2022-03-14T09:09:47.306Z] ----------------------------------------------------------------------
[debug] 
[debug] [2022-03-14T09:09:47.356Z] > command requires scopes: ["email","openid","https://www.googleapis.com/auth/cloudplatformprojects.readonly","https://www.googleapis.com/auth/firebase","https://www.googleapis.com/auth/cloud-platform"]
[debug] [2022-03-14T09:09:47.356Z] > authorizing via signed-in user (rjmahir.faisal@gmail.com)
[debug] [2022-03-14T09:09:47.357Z] [iam] checking project smart-mobile-bazar for permissions ["firebase.projects.get","firebasehosting.sites.update"]
[debug] [2022-03-14T09:09:47.358Z] > refreshing access token with scopes: []
[debug] [2022-03-14T09:09:47.358Z] >>> HTTP REQUEST POST https://www.googleapis.com/oauth2/v3/token  
 <request body omitted>
[debug] [2022-03-14T09:09:58.579Z] <<< HTTP RESPONSE 200 {"date":"Mon, 14 Mar 2022 09:09:54 GMT","pragma":"no-cache","cache-control":"no-cache, no-store, max-age=0, must-revalidate","expires":"Mon, 01 Jan 1990 00:00:00 GMT","content-type":"application/json; charset=utf-8","vary":"X-Origin, Referer, Origin,Accept-Encoding","server":"scaffolding on HTTPServer2","x-xss-protection":"0","x-frame-options":"SAMEORIGIN","x-content-type-options":"nosniff","alt-svc":"h3=\":443\"; ma=2592000,h3-29=\":443\"; ma=2592000,h3-Q050=\":443\"; ma=2592000,h3-Q046=\":443\"; ma=2592000,h3-Q043=\":443\"; ma=2592000,quic=\":443\"; ma=2592000; v=\"46,43\"","accept-ranges":"none","transfer-encoding":"chunked"}
[debug] [2022-03-14T09:09:58.588Z] >>> [apiv2][query] POST https://cloudresourcemanager.googleapis.com/v1/projects/smart-mobile-bazar:testIamPermissions [none]
[debug] [2022-03-14T09:09:58.588Z] >>> [apiv2][body] POST https://cloudresourcemanager.googleapis.com/v1/projects/smart-mobile-bazar:testIamPermissions {"permissions":["firebase.projects.get","firebasehosting.sites.update"]}
[debug] [2022-03-14T09:10:02.260Z] <<< [apiv2][status] POST https://cloudresourcemanager.googleapis.com/v1/projects/smart-mobile-bazar:testIamPermissions 200
[debug] [2022-03-14T09:10:02.260Z] <<< [apiv2][body] POST https://cloudresourcemanager.googleapis.com/v1/projects/smart-mobile-bazar:testIamPermissions {"permissions":["firebase.projects.get","firebasehosting.sites.update"]}
[debug] [2022-03-14T09:10:02.261Z] >>> [apiv2][query] GET https://firebase.googleapis.com/v1beta1/projects/smart-mobile-bazar [none]
[debug] [2022-03-14T09:10:24.454Z] Failed to make request to https://firebase.googleapis.com/v1beta1/projects/smart-mobile-bazar
[debug] [2022-03-14T09:10:27.609Z] FirebaseError: Failed to make request to https://firebase.googleapis.com/v1beta1/projects/smart-mobile-bazar
    at RetryOperation._fn (C:\Users\FAISAL\AppData\Roaming\npm\node_modules\firebase-tools\lib\apiv2.js:240:31)
    at processTicksAndRejections (node:internal/process/task_queues:96:5)
[error] 
[error] Error: Failed to get Firebase project smart-mobile-bazar. Please make sure the project exists and your account has permission to access it.
